{"uuid":"17df8fc3-9849-4763-bf3f-7d77a148dc58","historyId":"a6c6ae482d2a1d4d03b6dbc0a9f9929f","fullName":"src/test/resources/Feature/UserAPI.feature:40","labels":[{"name":"tag","value":"tag"},{"name":"tag","value":"tag3-post"},{"name":"host","value":"RaghavySenthilKumar"},{"name":"thread","value":"12972@RaghavySenthilKumar.main(1)"},{"name":"feature","value":"UserAPI"},{"name":"story","value":"Validate that user is able to create a new user with valid endpoint and new values for all the fields"},{"name":"suite","value":"UserAPI"},{"name":"testClass","value":"Validate that user is able to create a new user with valid endpoint and new values for all the fields"},{"name":"framework","value":"cucumber4jvm"},{"name":"language","value":"java"},{"name":"gherkin_uri","value":"file:///C:/Users/senth/eclipse-workspace/Team3_API_Bootcamp_UserAPI/src/test/resources/Feature/UserAPI.feature"},{"name":"package","value":"src.test.resources.Feature.UserAPI_feature.UserAPI"}],"links":[],"name":"Validate that user is able to create a new user with valid endpoint and new values for all the fields","status":"failed","statusDetails":{"known":false,"muted":false,"flaky":false,"message":"1 expectation failed.\nResponse body doesn't match expectation.\nExpected: The content to match the given JSON schema.\nerror: object has missing required properties ([\"creation_time\",\"last_mod_time\",\"userAddress\",\"user_contact_number\",\"user_email_id\",\"user_first_name\",\"user_id\",\"user_last_name\"])\n    level: \"error\"\n    schema: {\"loadingURI\":\"#\",\"pointer\":\"\"}\n    instance: {\"pointer\":\"\"}\n    domain: \"validation\"\n    keyword: \"required\"\n    required: [\"creation_time\",\"last_mod_time\",\"userAddress\",\"user_contact_number\",\"user_email_id\",\"user_first_name\",\"user_id\",\"user_last_name\"]\n    missing: [\"creation_time\",\"last_mod_time\",\"userAddress\",\"user_contact_number\",\"user_email_id\",\"user_first_name\",\"user_id\",\"user_last_name\"]\n\n  Actual: {\"status\":\"409 CONFLICT\",\"message\":\"User already exist with same email id\"}\n","trace":"java.lang.AssertionError: 1 expectation failed.\nResponse body doesn't match expectation.\nExpected: The content to match the given JSON schema.\nerror: object has missing required properties ([\"creation_time\",\"last_mod_time\",\"userAddress\",\"user_contact_number\",\"user_email_id\",\"user_first_name\",\"user_id\",\"user_last_name\"])\n    level: \"error\"\n    schema: {\"loadingURI\":\"#\",\"pointer\":\"\"}\n    instance: {\"pointer\":\"\"}\n    domain: \"validation\"\n    keyword: \"required\"\n    required: [\"creation_time\",\"last_mod_time\",\"userAddress\",\"user_contact_number\",\"user_email_id\",\"user_first_name\",\"user_id\",\"user_last_name\"]\n    missing: [\"creation_time\",\"last_mod_time\",\"userAddress\",\"user_contact_number\",\"user_email_id\",\"user_first_name\",\"user_id\",\"user_last_name\"]\n\n  Actual: {\"status\":\"409 CONFLICT\",\"message\":\"User already exist with same email id\"}\n\r\n\tat java.base/jdk.internal.reflect.DirectConstructorHandleAccessor.newInstance(DirectConstructorHandleAccessor.java:67)\r\n\tat java.base/java.lang.reflect.Constructor.newInstanceWithCaller(Constructor.java:500)\r\n\tat java.base/java.lang.reflect.Constructor.newInstance(Constructor.java:484)\r\n\tat org.codehaus.groovy.reflection.CachedConstructor.invoke(CachedConstructor.java:73)\r\n\tat org.codehaus.groovy.runtime.callsite.ConstructorSite$ConstructorSiteNoUnwrapNoCoerce.callConstructor(ConstructorSite.java:108)\r\n\tat org.codehaus.groovy.runtime.callsite.CallSiteArray.defaultCallConstructor(CallSiteArray.java:57)\r\n\tat org.codehaus.groovy.runtime.callsite.AbstractCallSite.callConstructor(AbstractCallSite.java:263)\r\n\tat org.codehaus.groovy.runtime.callsite.AbstractCallSite.callConstructor(AbstractCallSite.java:277)\r\n\tat io.restassured.internal.ResponseSpecificationImpl$HamcrestAssertionClosure.validate(ResponseSpecificationImpl.groovy:512)\r\n\tat io.restassured.internal.ResponseSpecificationImpl$HamcrestAssertionClosure$validate$1.call(Unknown Source)\r\n\tat org.codehaus.groovy.runtime.callsite.CallSiteArray.defaultCall(CallSiteArray.java:45)\r\n\tat org.codehaus.groovy.runtime.callsite.AbstractCallSite.call(AbstractCallSite.java:125)\r\n\tat org.codehaus.groovy.runtime.callsite.AbstractCallSite.call(AbstractCallSite.java:139)\r\n\tat io.restassured.internal.ResponseSpecificationImpl.validateResponseIfRequired(ResponseSpecificationImpl.groovy:696)\r\n\tat io.restassured.internal.ResponseSpecificationImpl.this$2$validateResponseIfRequired(ResponseSpecificationImpl.groovy)\r\n\tat java.base/jdk.internal.reflect.DirectMethodHandleAccessor.invoke(DirectMethodHandleAccessor.java:104)\r\n\tat java.base/java.lang.reflect.Method.invoke(Method.java:578)\r\n\tat org.codehaus.groovy.runtime.callsite.PlainObjectMetaMethodSite.doInvoke(PlainObjectMetaMethodSite.java:43)\r\n\tat org.codehaus.groovy.runtime.callsite.PogoMetaMethodSite$PogoCachedMethodSiteNoUnwrapNoCoerce.invoke(PogoMetaMethodSite.java:198)\r\n\tat org.codehaus.groovy.runtime.callsite.PogoMetaMethodSite.callCurrent(PogoMetaMethodSite.java:62)\r\n\tat org.codehaus.groovy.runtime.callsite.CallSiteArray.defaultCallCurrent(CallSiteArray.java:49)\r\n\tat org.codehaus.groovy.runtime.callsite.AbstractCallSite.callCurrent(AbstractCallSite.java:171)\r\n\tat org.codehaus.groovy.runtime.callsite.AbstractCallSite.callCurrent(AbstractCallSite.java:185)\r\n\tat io.restassured.internal.ResponseSpecificationImpl.body(ResponseSpecificationImpl.groovy:107)\r\n\tat io.restassured.internal.ValidatableResponseOptionsImpl.body(ValidatableResponseOptionsImpl.java:238)\r\n\tat StepDefinitions.UserAPI.new_user_must_be_created_with_the_response_code(UserAPI.java:165)\r\n\tat ✽.New user must be created with the Response code: 201(file:///C:/Users/senth/eclipse-workspace/Team3_API_Bootcamp_UserAPI/src/test/resources/Feature/UserAPI.feature:36)\r\n"},"stage":"finished","steps":[{"name":"Given  User creates POST Request \"ValidData\" and 0 for the API endpoint with valid credentials","status":"passed","statusDetails":{"known":false,"muted":false,"flaky":false},"stage":"finished","steps":[],"attachments":[],"parameters":[],"start":1709308003093,"stop":1709308006687},{"name":"When  User sends HTTPS Request and  request Body with mandatory fields","status":"passed","statusDetails":{"known":false,"muted":false,"flaky":false},"stage":"finished","steps":[],"attachments":[],"parameters":[],"start":1709308006689,"stop":1709308006780},{"name":"Then  New user must be created with the Response code: 201","status":"failed","statusDetails":{"known":false,"muted":false,"flaky":false,"message":"1 expectation failed.\nResponse body doesn't match expectation.\nExpected: The content to match the given JSON schema.\nerror: object has missing required properties ([\"creation_time\",\"last_mod_time\",\"userAddress\",\"user_contact_number\",\"user_email_id\",\"user_first_name\",\"user_id\",\"user_last_name\"])\n    level: \"error\"\n    schema: {\"loadingURI\":\"#\",\"pointer\":\"\"}\n    instance: {\"pointer\":\"\"}\n    domain: \"validation\"\n    keyword: \"required\"\n    required: [\"creation_time\",\"last_mod_time\",\"userAddress\",\"user_contact_number\",\"user_email_id\",\"user_first_name\",\"user_id\",\"user_last_name\"]\n    missing: [\"creation_time\",\"last_mod_time\",\"userAddress\",\"user_contact_number\",\"user_email_id\",\"user_first_name\",\"user_id\",\"user_last_name\"]\n\n  Actual: {\"status\":\"409 CONFLICT\",\"message\":\"User already exist with same email id\"}\n","trace":"java.lang.AssertionError: 1 expectation failed.\nResponse body doesn't match expectation.\nExpected: The content to match the given JSON schema.\nerror: object has missing required properties ([\"creation_time\",\"last_mod_time\",\"userAddress\",\"user_contact_number\",\"user_email_id\",\"user_first_name\",\"user_id\",\"user_last_name\"])\n    level: \"error\"\n    schema: {\"loadingURI\":\"#\",\"pointer\":\"\"}\n    instance: {\"pointer\":\"\"}\n    domain: \"validation\"\n    keyword: \"required\"\n    required: [\"creation_time\",\"last_mod_time\",\"userAddress\",\"user_contact_number\",\"user_email_id\",\"user_first_name\",\"user_id\",\"user_last_name\"]\n    missing: [\"creation_time\",\"last_mod_time\",\"userAddress\",\"user_contact_number\",\"user_email_id\",\"user_first_name\",\"user_id\",\"user_last_name\"]\n\n  Actual: {\"status\":\"409 CONFLICT\",\"message\":\"User already exist with same email id\"}\n\r\n\tat java.base/jdk.internal.reflect.DirectConstructorHandleAccessor.newInstance(DirectConstructorHandleAccessor.java:67)\r\n\tat java.base/java.lang.reflect.Constructor.newInstanceWithCaller(Constructor.java:500)\r\n\tat java.base/java.lang.reflect.Constructor.newInstance(Constructor.java:484)\r\n\tat org.codehaus.groovy.reflection.CachedConstructor.invoke(CachedConstructor.java:73)\r\n\tat org.codehaus.groovy.runtime.callsite.ConstructorSite$ConstructorSiteNoUnwrapNoCoerce.callConstructor(ConstructorSite.java:108)\r\n\tat org.codehaus.groovy.runtime.callsite.CallSiteArray.defaultCallConstructor(CallSiteArray.java:57)\r\n\tat org.codehaus.groovy.runtime.callsite.AbstractCallSite.callConstructor(AbstractCallSite.java:263)\r\n\tat org.codehaus.groovy.runtime.callsite.AbstractCallSite.callConstructor(AbstractCallSite.java:277)\r\n\tat io.restassured.internal.ResponseSpecificationImpl$HamcrestAssertionClosure.validate(ResponseSpecificationImpl.groovy:512)\r\n\tat io.restassured.internal.ResponseSpecificationImpl$HamcrestAssertionClosure$validate$1.call(Unknown Source)\r\n\tat org.codehaus.groovy.runtime.callsite.CallSiteArray.defaultCall(CallSiteArray.java:45)\r\n\tat org.codehaus.groovy.runtime.callsite.AbstractCallSite.call(AbstractCallSite.java:125)\r\n\tat org.codehaus.groovy.runtime.callsite.AbstractCallSite.call(AbstractCallSite.java:139)\r\n\tat io.restassured.internal.ResponseSpecificationImpl.validateResponseIfRequired(ResponseSpecificationImpl.groovy:696)\r\n\tat io.restassured.internal.ResponseSpecificationImpl.this$2$validateResponseIfRequired(ResponseSpecificationImpl.groovy)\r\n\tat java.base/jdk.internal.reflect.DirectMethodHandleAccessor.invoke(DirectMethodHandleAccessor.java:104)\r\n\tat java.base/java.lang.reflect.Method.invoke(Method.java:578)\r\n\tat org.codehaus.groovy.runtime.callsite.PlainObjectMetaMethodSite.doInvoke(PlainObjectMetaMethodSite.java:43)\r\n\tat org.codehaus.groovy.runtime.callsite.PogoMetaMethodSite$PogoCachedMethodSiteNoUnwrapNoCoerce.invoke(PogoMetaMethodSite.java:198)\r\n\tat org.codehaus.groovy.runtime.callsite.PogoMetaMethodSite.callCurrent(PogoMetaMethodSite.java:62)\r\n\tat org.codehaus.groovy.runtime.callsite.CallSiteArray.defaultCallCurrent(CallSiteArray.java:49)\r\n\tat org.codehaus.groovy.runtime.callsite.AbstractCallSite.callCurrent(AbstractCallSite.java:171)\r\n\tat org.codehaus.groovy.runtime.callsite.AbstractCallSite.callCurrent(AbstractCallSite.java:185)\r\n\tat io.restassured.internal.ResponseSpecificationImpl.body(ResponseSpecificationImpl.groovy:107)\r\n\tat io.restassured.internal.ValidatableResponseOptionsImpl.body(ValidatableResponseOptionsImpl.java:238)\r\n\tat StepDefinitions.UserAPI.new_user_must_be_created_with_the_response_code(UserAPI.java:165)\r\n\tat ✽.New user must be created with the Response code: 201(file:///C:/Users/senth/eclipse-workspace/Team3_API_Bootcamp_UserAPI/src/test/resources/Feature/UserAPI.feature:36)\r\n"},"stage":"finished","steps":[],"attachments":[],"parameters":[],"start":1709308006782,"stop":1709308008182}],"attachments":[],"parameters":[{"name":"Sheetname","value":"ValidData"},{"name":"rownumber","value":"0"}],"start":1709308002296,"stop":1709308008206}